Grammar

    0 $accept: program $end

    1 program: exp

    2 exp: exp '+' exp
    3    | exp '-' exp
    4    | NUM


Terminals, with rules where they appear

$end (0) 0
'+' (43) 2
'-' (45) 3
error (256)
NUM (258) 4


Nonterminals, with rules where they appear

$accept (6)
    on left: 0
program (7)
    on left: 1, on right: 0
exp (8)
    on left: 2 3 4, on right: 1 2 3


State 0

    0 $accept: . program $end

    NUM  shift, and go to state 1

    program  go to state 2
    exp      go to state 3


State 1

    4 exp: NUM .

    $default  reduce using rule 4 (exp)


State 2

    0 $accept: program . $end

    $end  shift, and go to state 4


State 3

    1 program: exp .
    2 exp: exp . '+' exp
    3    | exp . '-' exp

    '+'  shift, and go to state 5
    '-'  shift, and go to state 6

    $default  reduce using rule 1 (program)


State 4

    0 $accept: program $end .

    $default  accept


State 5

    2 exp: exp '+' . exp

    NUM  shift, and go to state 1

    exp  go to state 7


State 6

    3 exp: exp '-' . exp

    NUM  shift, and go to state 1

    exp  go to state 8


State 7

    2 exp: exp . '+' exp
    2    | exp '+' exp .
    3    | exp . '-' exp

    $default  reduce using rule 2 (exp)


State 8

    2 exp: exp . '+' exp
    3    | exp . '-' exp
    3    | exp '-' exp .

    $default  reduce using rule 3 (exp)
